[2020-07-07 14:07:33,934] INFO Reading configuration from: /home/ubuntu/kafka_ (org.apache.zookeeper.server.quorum.QuorumPeerConfig)
[2020-07-07 14:07:33,938] ERROR Invalid config, exiting abnormally (org.apache.zookeeper.server.quorum.QuorumPeerMain)
org.apache.zookeeper.server.quorum.QuorumPeerConfig$ConfigException: Error processing /home/ubuntu/kafka_
	at org.apache.zookeeper.server.quorum.QuorumPeerConfig.parse(QuorumPeerConfig.java:156)
	at org.apache.zookeeper.server.quorum.QuorumPeerMain.initializeAndRun(QuorumPeerMain.java:113)
	at org.apache.zookeeper.server.quorum.QuorumPeerMain.main(QuorumPeerMain.java:82)
Caused by: java.lang.IllegalArgumentException: /home/ubuntu/kafka_ file is missing
	at org.apache.zookeeper.server.util.VerifyingFileFactory.doFailForNonExistingPath(VerifyingFileFactory.java:51)
	at org.apache.zookeeper.server.util.VerifyingFileFactory.validate(VerifyingFileFactory.java:45)
	at org.apache.zookeeper.server.util.VerifyingFileFactory.create(VerifyingFileFactory.java:40)
	at org.apache.zookeeper.server.quorum.QuorumPeerConfig.parse(QuorumPeerConfig.java:141)
	... 2 more
Invalid config, exiting abnormally
[2020-07-07 14:07:37,679] INFO Registered kafka:type=kafka.Log4jController MBean (kafka.utils.Log4jControllerRegistration$)
[2020-07-07 14:07:38,142] ERROR Exiting Kafka due to fatal exception (kafka.Kafka$)
java.nio.file.NoSuchFileException: /home/ubuntu/kafka_2.12
	at java.base/sun.nio.fs.UnixException.translateToIOException(UnixException.java:92)
	at java.base/sun.nio.fs.UnixException.rethrowAsIOException(UnixException.java:111)
	at java.base/sun.nio.fs.UnixException.rethrowAsIOException(UnixException.java:116)
	at java.base/sun.nio.fs.UnixFileSystemProvider.newByteChannel(UnixFileSystemProvider.java:219)
	at java.base/java.nio.file.Files.newByteChannel(Files.java:370)
	at java.base/java.nio.file.Files.newByteChannel(Files.java:421)
	at java.base/java.nio.file.spi.FileSystemProvider.newInputStream(FileSystemProvider.java:420)
	at java.base/java.nio.file.Files.newInputStream(Files.java:155)
	at org.apache.kafka.common.utils.Utils.loadProps(Utils.java:572)
	at org.apache.kafka.common.utils.Utils.loadProps(Utils.java:559)
	at kafka.Kafka$.getPropsFromArgs(Kafka.scala:51)
	at kafka.Kafka$.main(Kafka.scala:67)
	at kafka.Kafka.main(Kafka.scala)
